This is pdfTeX, Version 3.1415926-2.5-1.40.14 (TeX Live 2013/W32TeX) (format=pdflatex 2014.1.6)  20 AUG 2014 18:22
entering extended mode
 restricted \write18 enabled.
 %&-line parsing enabled.
**book_kor_ch03.tex
(./book_kor_ch03.tex
LaTeX2e <2011/06/27>
Babel <3.9h> and hyphenation patterns for 78 languages loaded.
(c:/usr/texlive/2013/texmf-dist/tex/latex/base/book.cls
Document Class: book 2007/10/19 v1.4h Standard LaTeX document class
(c:/usr/texlive/2013/texmf-dist/tex/latex/base/bk11.clo
File: bk11.clo 2007/10/19 v1.4h Standard LaTeX file (size option)
)
\c@part=\count79
\c@chapter=\count80
\c@section=\count81
\c@subsection=\count82
\c@subsubsection=\count83
\c@paragraph=\count84
\c@subparagraph=\count85
\c@figure=\count86
\c@table=\count87
\abovecaptionskip=\skip41
\belowcaptionskip=\skip42
\bibindent=\dimen102
) (./createspace.sty
Package: createspace 2011/05/07 package for typesetting books ready for CreateS
pace.com

(c:/usr/texlive/2013/texmf-dist/tex/latex/xkeyval/xkeyval.sty
Package: xkeyval 2012/10/14 v2.6b package option processing (HA)

(c:/usr/texlive/2013/texmf-dist/tex/generic/xkeyval/xkeyval.tex
\XKV@toks=\toks14
\XKV@tempa@toks=\toks15
\XKV@depth=\count88
File: xkeyval.tex 2012/10/14 v2.6b key=value parser (HA)

(c:/usr/texlive/2013/texmf-dist/tex/generic/xkeyval/keyval.tex)))
\createspace@l@width=\dimen103
\createspace@l@height=\dimen104
\createspace@l@gutter=\dimen105
\createspace@l@inner=\dimen106
\createspace@l@outer=\dimen107
\createspace@l@top=\dimen108
\createspace@l@bottom=\dimen109
\createspace@l@thickness=\dimen110
\createspace@c@minpages=\count89
\createspace@c@maxpages=\count90

(c:/usr/texlive/2013/texmf-dist/tex/latex/geometry/geometry.sty
Package: geometry 2010/09/12 v5.6 Page Geometry

(c:/usr/texlive/2013/texmf-dist/tex/generic/oberdiek/ifpdf.sty
Package: ifpdf 2011/01/30 v2.3 Provides the ifpdf switch (HO)
Package ifpdf Info: pdfTeX in PDF mode is detected.
)
(c:/usr/texlive/2013/texmf-dist/tex/generic/oberdiek/ifvtex.sty
Package: ifvtex 2010/03/01 v1.5 Detect VTeX and its facilities (HO)
Package ifvtex Info: VTeX not detected.
)
(c:/usr/texlive/2013/texmf-dist/tex/generic/ifxetex/ifxetex.sty
Package: ifxetex 2010/09/12 v0.6 Provides ifxetex conditional
)
\Gm@cnth=\count91
\Gm@cntv=\count92
\c@Gm@tempcnt=\count93
\Gm@bindingoffset=\dimen111
\Gm@wd@mp=\dimen112
\Gm@odd@mp=\dimen113
\Gm@even@mp=\dimen114
\Gm@layoutwidth=\dimen115
\Gm@layoutheight=\dimen116
\Gm@layouthoffset=\dimen117
\Gm@layoutvoffset=\dimen118
\Gm@dimlist=\toks16
))
(c:/usr/texlive/2013/texmf-dist/tex/latex/pslatex/pslatex.sty
Package: pslatex 1996/07/24 v1.2 pslatex emulation (DPC)
LaTeX Font Info:    Redeclaring symbol font `operators' on input line 65.
LaTeX Font Info:    Overwriting symbol font `operators' in version `normal'
(Font)                  OT1/cmr/m/n --> OT1/ptmcm/m/n on input line 65.
LaTeX Font Info:    Overwriting symbol font `operators' in version `bold'
(Font)                  OT1/cmr/bx/n --> OT1/ptmcm/m/n on input line 65.
LaTeX Font Info:    Redeclaring symbol font `letters' on input line 66.
LaTeX Font Info:    Overwriting symbol font `letters' in version `normal'
(Font)                  OML/cmm/m/it --> OML/ptmcm/m/it on input line 66.
LaTeX Font Info:    Overwriting symbol font `letters' in version `bold'
(Font)                  OML/cmm/b/it --> OML/ptmcm/m/it on input line 66.
LaTeX Font Info:    Redeclaring symbol font `symbols' on input line 67.
LaTeX Font Info:    Overwriting symbol font `symbols' in version `normal'
(Font)                  OMS/cmsy/m/n --> OMS/pzccm/m/n on input line 67.
LaTeX Font Info:    Overwriting symbol font `symbols' in version `bold'
(Font)                  OMS/cmsy/b/n --> OMS/pzccm/m/n on input line 67.
LaTeX Font Info:    Redeclaring symbol font `largesymbols' on input line 68.
LaTeX Font Info:    Overwriting symbol font `largesymbols' in version `normal'
(Font)                  OMX/cmex/m/n --> OMX/psycm/m/n on input line 68.
LaTeX Font Info:    Overwriting symbol font `largesymbols' in version `bold'
(Font)                  OMX/cmex/m/n --> OMX/psycm/m/n on input line 68.
\symbold=\mathgroup4
\symitalic=\mathgroup5
LaTeX Font Info:    Redeclaring math alphabet \mathbf on input line 74.
LaTeX Font Info:    Overwriting math alphabet `\mathbf' in version `normal'
(Font)                  OT1/cmr/bx/n --> OT1/ptm/bx/n on input line 74.
LaTeX Font Info:    Overwriting math alphabet `\mathbf' in version `bold'
(Font)                  OT1/cmr/bx/n --> OT1/ptm/bx/n on input line 74.
LaTeX Font Info:    Redeclaring math alphabet \mathit on input line 75.
LaTeX Font Info:    Overwriting math alphabet `\mathit' in version `normal'
(Font)                  OT1/cmr/m/it --> OT1/ptm/m/it on input line 75.
LaTeX Font Info:    Overwriting math alphabet `\mathit' in version `bold'
(Font)                  OT1/cmr/bx/it --> OT1/ptm/m/it on input line 75.
)
(c:/usr/texlive/2013/texmf-dist/tex/latex/url/url.sty
\Urlmuskip=\muskip10
Package: url 2013/09/16  ver 3.4  Verb mode for urls, etc.
)
(c:/usr/texlive/2013/texmf-dist/tex/latex/fancyhdr/fancyhdr.sty
\fancy@headwidth=\skip43
\f@ncyO@elh=\skip44
\f@ncyO@erh=\skip45
\f@ncyO@olh=\skip46
\f@ncyO@orh=\skip47
\f@ncyO@elf=\skip48
\f@ncyO@erf=\skip49
\f@ncyO@olf=\skip50
\f@ncyO@orf=\skip51
)
(c:/usr/texlive/2013/texmf-dist/tex/latex/graphics/graphicx.sty
Package: graphicx 1999/02/16 v1.0f Enhanced LaTeX Graphics (DPC,SPQR)

(c:/usr/texlive/2013/texmf-dist/tex/latex/graphics/graphics.sty
Package: graphics 2009/02/05 v1.0o Standard LaTeX Graphics (DPC,SPQR)

(c:/usr/texlive/2013/texmf-dist/tex/latex/graphics/trig.sty
Package: trig 1999/03/16 v1.09 sin cos tan (DPC)
)
(c:/usr/texlive/2013/texmf-dist/tex/latex/latexconfig/graphics.cfg
File: graphics.cfg 2010/04/23 v1.9 graphics configuration of TeX Live
)
Package graphics Info: Driver file: pdftex.def on input line 91.

(c:/usr/texlive/2013/texmf-dist/tex/latex/pdftex-def/pdftex.def
File: pdftex.def 2011/05/27 v0.06d Graphics/color for pdfTeX

(c:/usr/texlive/2013/texmf-dist/tex/generic/oberdiek/infwarerr.sty
Package: infwarerr 2010/04/08 v1.3 Providing info/warning/error messages (HO)
)
(c:/usr/texlive/2013/texmf-dist/tex/generic/oberdiek/ltxcmds.sty
Package: ltxcmds 2011/11/09 v1.22 LaTeX kernel commands for general use (HO)
)
\Gread@gobject=\count94
))
\Gin@req@height=\dimen119
\Gin@req@width=\dimen120
)
(c:/usr/texlive/2013/texmf-dist/tex/latex/amsmath/amsmath.sty
Package: amsmath 2013/01/14 v2.14 AMS math features
\@mathmargin=\skip52

For additional information on amsmath, use the `?' option.
(c:/usr/texlive/2013/texmf-dist/tex/latex/amsmath/amstext.sty
Package: amstext 2000/06/29 v2.01

(c:/usr/texlive/2013/texmf-dist/tex/latex/amsmath/amsgen.sty
File: amsgen.sty 1999/11/30 v2.0
\@emptytoks=\toks17
\ex@=\dimen121
))
(c:/usr/texlive/2013/texmf-dist/tex/latex/amsmath/amsbsy.sty
Package: amsbsy 1999/11/29 v1.2d
\pmbraise@=\dimen122
)
(c:/usr/texlive/2013/texmf-dist/tex/latex/amsmath/amsopn.sty
Package: amsopn 1999/12/14 v2.01 operator names
)
\inf@bad=\count95
LaTeX Info: Redefining \frac on input line 210.
\uproot@=\count96
\leftroot@=\count97
LaTeX Info: Redefining \overline on input line 306.
\classnum@=\count98
\DOTSCASE@=\count99
LaTeX Info: Redefining \ldots on input line 378.
LaTeX Info: Redefining \dots on input line 381.
LaTeX Info: Redefining \cdots on input line 466.
\Mathstrutbox@=\box26
\strutbox@=\box27
\big@size=\dimen123
LaTeX Font Info:    Redeclaring font encoding OML on input line 566.
LaTeX Font Info:    Redeclaring font encoding OMS on input line 567.
\macc@depth=\count100
\c@MaxMatrixCols=\count101
\dotsspace@=\muskip11
\c@parentequation=\count102
\dspbrk@lvl=\count103
\tag@help=\toks18
\row@=\count104
\column@=\count105
\maxfields@=\count106
\andhelp@=\toks19
\eqnshift@=\dimen124
\alignsep@=\dimen125
\tagshift@=\dimen126
\tagwidth@=\dimen127
\totwidth@=\dimen128
\lineht@=\dimen129
\@envbody=\toks20
\multlinegap=\skip53
\multlinetaggap=\skip54
\mathdisplay@stack=\toks21
LaTeX Info: Redefining \[ on input line 2665.
LaTeX Info: Redefining \] on input line 2666.
)
(c:/usr/texlive/2013/texmf-dist/tex/latex/amscls/amsthm.sty
Package: amsthm 2004/08/06 v2.20
\thm@style=\toks22
\thm@bodyfont=\toks23
\thm@headfont=\toks24
\thm@notefont=\toks25
\thm@headpunct=\toks26
\thm@preskip=\skip55
\thm@postskip=\skip56
\thm@headsep=\skip57
\dth@everypar=\toks27
)
(c:/usr/texlive/2013/texmf-dist/tex/latex/amsfonts/amssymb.sty
Package: amssymb 2013/01/14 v3.01 AMS font symbols

(c:/usr/texlive/2013/texmf-dist/tex/latex/amsfonts/amsfonts.sty
Package: amsfonts 2013/01/14 v3.01 Basic AMSFonts support
\symAMSa=\mathgroup6
\symAMSb=\mathgroup7
LaTeX Font Info:    Overwriting math alphabet `\mathfrak' in version `bold'
(Font)                  U/euf/m/n --> U/euf/b/n on input line 106.
))
(c:/usr/texlive/2013/texmf-dist/tex/latex/exercise/exercise.sty
Package: exercise 2012/05/08 v1.58 Exercise package (P.Pichaureau)

(c:/usr/texlive/2013/texmf-dist/tex/latex/base/ifthen.sty
Package: ifthen 2001/05/26 v1.1c Standard LaTeX ifthen package (DPC)
)
\ExerciseSkipBefore=\skip58
\ExerciseSkipAfter=\skip59
\Exesep=\skip60
\Exetopsep=\skip61
\Exeparsep=\skip62
\Exepartopsep=\skip63
\Exeleftmargin=\skip64
\Exerightmargin=\skip65
\Exelabelwidth=\skip66
\Exelabelsep=\skip67
\ExerciseBefore=\skip68
\QuestionBefore=\skip69
\subQuestionBefore=\skip70
\subsubQuestionBefore=\skip71
\QuestionIndent=\skip72
\subQuestionIndent=\skip73
\subsubQuestionIndent=\skip74
\c@Exercise=\count107
\c@Answer=\count108
\c@ExePart=\count109
\c@Question=\count110
\c@subQuestion=\count111
\c@subsubQuestion=\count112
\c@savedQuestion=\count113
\c@savedsubQuestion=\count114
\c@savedsubsubQuestion=\count115
\@QuestionLevel=\count116
\@Exercisebox=\box28
\all@Exercisebox=\box29
\temp@Exercisebox=\box30
\all@Answerbox=\box31
\temp@Answerbox=\box32
\ExerciseDifficulty=\count117
\QuestionDifficulty=\count118
\subQuestionDifficulty=\count119
\subsubQuestionDifficulty=\count120
\ExePartDifficulty=\count121
\@Answerbox=\box33
\colonnesLevel=\count122
\tempskipa=\skip75
\tempskipb=\skip76
\@savedmathindent=\skip77
)
(c:/usr/texlive/2013/texmf-dist/tex/latex/base/makeidx.sty
Package: makeidx 2000/03/29 v1.0m Standard LaTeX package
)
(c:/usr/texlive/2013/texmf-dist/tex/latex/setspace/setspace.sty
Package: setspace 2011/12/19 v6.7a set line spacing
) (./hevea.sty
Package: hevea 2002/01/11

(c:/usr/texlive/2013/texmf-dist/tex/latex/comment/comment.sty
\CommentStream=\write3

Excluding comment 'comment')
\c@cuttingdepth=\count123
 Excluding comment 'rawhtml'
Excluding comment 'htmlonly'
\@bgcolorbin=\box34
)
(c:/usr/texlive/2013/texmf-dist/tex/latex/base/alltt.sty
Package: alltt 1997/06/16 v2.0g defines alltt environment
)
(c:/usr/texlive/2013/texmf-dist/tex/latex/upquote/upquote.sty
Package: upquote 2012/04/19 v1.3 upright-quote and grave-accent glyphs in verba
tim

(c:/usr/texlive/2013/texmf-dist/tex/latex/base/textcomp.sty
Package: textcomp 2005/09/27 v1.99g Standard LaTeX package
Package textcomp Info: Sub-encoding information:
(textcomp)               5 = only ISO-Adobe without \textcurrency
(textcomp)               4 = 5 + \texteuro
(textcomp)               3 = 4 + \textohm
(textcomp)               2 = 3 + \textestimated + \textcurrency
(textcomp)               1 = TS1 - \textcircled - \t
(textcomp)               0 = TS1 (full)
(textcomp)             Font families with sub-encoding setting implement
(textcomp)             only a restricted character set as indicated.
(textcomp)             Family '?' is the default used for unknown fonts.
(textcomp)             See the documentation for details.
Package textcomp Info: Setting ? sub-encoding to TS1/1 on input line 71.

(c:/usr/texlive/2013/texmf-dist/tex/latex/base/ts1enc.def
File: ts1enc.def 2001/06/05 v3.0e (jk/car/fm) Standard LaTeX file
)
LaTeX Info: Redefining \oldstylenums on input line 266.
Package textcomp Info: Setting cmr sub-encoding to TS1/0 on input line 281.
Package textcomp Info: Setting cmss sub-encoding to TS1/0 on input line 282.
Package textcomp Info: Setting cmtt sub-encoding to TS1/0 on input line 283.
Package textcomp Info: Setting cmvtt sub-encoding to TS1/0 on input line 284.
Package textcomp Info: Setting cmbr sub-encoding to TS1/0 on input line 285.
Package textcomp Info: Setting cmtl sub-encoding to TS1/0 on input line 286.
Package textcomp Info: Setting ccr sub-encoding to TS1/0 on input line 287.
Package textcomp Info: Setting ptm sub-encoding to TS1/4 on input line 288.
Package textcomp Info: Setting pcr sub-encoding to TS1/4 on input line 289.
Package textcomp Info: Setting phv sub-encoding to TS1/4 on input line 290.
Package textcomp Info: Setting ppl sub-encoding to TS1/3 on input line 291.
Package textcomp Info: Setting pag sub-encoding to TS1/4 on input line 292.
Package textcomp Info: Setting pbk sub-encoding to TS1/4 on input line 293.
Package textcomp Info: Setting pnc sub-encoding to TS1/4 on input line 294.
Package textcomp Info: Setting pzc sub-encoding to TS1/4 on input line 295.
Package textcomp Info: Setting bch sub-encoding to TS1/4 on input line 296.
Package textcomp Info: Setting put sub-encoding to TS1/5 on input line 297.
Package textcomp Info: Setting uag sub-encoding to TS1/5 on input line 298.
Package textcomp Info: Setting ugq sub-encoding to TS1/5 on input line 299.
Package textcomp Info: Setting ul8 sub-encoding to TS1/4 on input line 300.
Package textcomp Info: Setting ul9 sub-encoding to TS1/4 on input line 301.
Package textcomp Info: Setting augie sub-encoding to TS1/5 on input line 302.
Package textcomp Info: Setting dayrom sub-encoding to TS1/3 on input line 303.
Package textcomp Info: Setting dayroms sub-encoding to TS1/3 on input line 304.

Package textcomp Info: Setting pxr sub-encoding to TS1/0 on input line 305.
Package textcomp Info: Setting pxss sub-encoding to TS1/0 on input line 306.
Package textcomp Info: Setting pxtt sub-encoding to TS1/0 on input line 307.
Package textcomp Info: Setting txr sub-encoding to TS1/0 on input line 308.
Package textcomp Info: Setting txss sub-encoding to TS1/0 on input line 309.
Package textcomp Info: Setting txtt sub-encoding to TS1/0 on input line 310.
Package textcomp Info: Setting lmr sub-encoding to TS1/0 on input line 311.
Package textcomp Info: Setting lmdh sub-encoding to TS1/0 on input line 312.
Package textcomp Info: Setting lmss sub-encoding to TS1/0 on input line 313.
Package textcomp Info: Setting lmssq sub-encoding to TS1/0 on input line 314.
Package textcomp Info: Setting lmvtt sub-encoding to TS1/0 on input line 315.
Package textcomp Info: Setting qhv sub-encoding to TS1/0 on input line 316.
Package textcomp Info: Setting qag sub-encoding to TS1/0 on input line 317.
Package textcomp Info: Setting qbk sub-encoding to TS1/0 on input line 318.
Package textcomp Info: Setting qcr sub-encoding to TS1/0 on input line 319.
Package textcomp Info: Setting qcs sub-encoding to TS1/0 on input line 320.
Package textcomp Info: Setting qpl sub-encoding to TS1/0 on input line 321.
Package textcomp Info: Setting qtm sub-encoding to TS1/0 on input line 322.
Package textcomp Info: Setting qzc sub-encoding to TS1/0 on input line 323.
Package textcomp Info: Setting qhvc sub-encoding to TS1/0 on input line 324.
Package textcomp Info: Setting futs sub-encoding to TS1/4 on input line 325.
Package textcomp Info: Setting futx sub-encoding to TS1/4 on input line 326.
Package textcomp Info: Setting futj sub-encoding to TS1/4 on input line 327.
Package textcomp Info: Setting hlh sub-encoding to TS1/3 on input line 328.
Package textcomp Info: Setting hls sub-encoding to TS1/3 on input line 329.
Package textcomp Info: Setting hlst sub-encoding to TS1/3 on input line 330.
Package textcomp Info: Setting hlct sub-encoding to TS1/5 on input line 331.
Package textcomp Info: Setting hlx sub-encoding to TS1/5 on input line 332.
Package textcomp Info: Setting hlce sub-encoding to TS1/5 on input line 333.
Package textcomp Info: Setting hlcn sub-encoding to TS1/5 on input line 334.
Package textcomp Info: Setting hlcw sub-encoding to TS1/5 on input line 335.
Package textcomp Info: Setting hlcf sub-encoding to TS1/5 on input line 336.
Package textcomp Info: Setting pplx sub-encoding to TS1/3 on input line 337.
Package textcomp Info: Setting pplj sub-encoding to TS1/3 on input line 338.
Package textcomp Info: Setting ptmx sub-encoding to TS1/4 on input line 339.
Package textcomp Info: Setting ptmj sub-encoding to TS1/4 on input line 340.
))
(c:/usr/texlive/2013/texmf-dist/tex/latex/cjk-ko/kotex.sty
Package: kotex 2013/03/23 v1.1 Korean TeX (ko.TeX)

(c:/usr/texlive/2013/texmf-dist/tex/latex/kotex-utf/kotex.cfg)
(c:/usr/texlive/2013/texmf-dist/tex/latex/kotex-utf/kotexutf.sty
Package: kotexutf 2013/10/20 v1.5 typesetting UTF-8 Korean documents

(c:/usr/texlive/2013/texmf-dist/tex/latex/base/inputenc.sty
Package: inputenc 2008/03/30 v1.1d Input encoding file
\inpenc@prehook=\toks28
\inpenc@posthook=\toks29

(c:/usr/texlive/2013/texmf-dist/tex/latex/base/utf8.def
File: utf8.def 2008/04/05 v1.1m UTF-8 support for inputenc
Now handling font encoding OML ...
... no UTF-8 mapping file for font encoding OML
Now handling font encoding T1 ...
... processing UTF-8 mapping file for font encoding T1

(c:/usr/texlive/2013/texmf-dist/tex/latex/base/t1enc.dfu
File: t1enc.dfu 2008/04/05 v1.1m UTF-8 support for inputenc
   defining Unicode char U+00A1 (decimal 161)
   defining Unicode char U+00A3 (decimal 163)
   defining Unicode char U+00AB (decimal 171)
   defining Unicode char U+00BB (decimal 187)
   defining Unicode char U+00BF (decimal 191)
   defining Unicode char U+00C0 (decimal 192)
   defining Unicode char U+00C1 (decimal 193)
   defining Unicode char U+00C2 (decimal 194)
   defining Unicode char U+00C3 (decimal 195)
   defining Unicode char U+00C4 (decimal 196)
   defining Unicode char U+00C5 (decimal 197)
   defining Unicode char U+00C6 (decimal 198)
   defining Unicode char U+00C7 (decimal 199)
   defining Unicode char U+00C8 (decimal 200)
   defining Unicode char U+00C9 (decimal 201)
   defining Unicode char U+00CA (decimal 202)
   defining Unicode char U+00CB (decimal 203)
   defining Unicode char U+00CC (decimal 204)
   defining Unicode char U+00CD (decimal 205)
   defining Unicode char U+00CE (decimal 206)
   defining Unicode char U+00CF (decimal 207)
   defining Unicode char U+00D0 (decimal 208)
   defining Unicode char U+00D1 (decimal 209)
   defining Unicode char U+00D2 (decimal 210)
   defining Unicode char U+00D3 (decimal 211)
   defining Unicode char U+00D4 (decimal 212)
   defining Unicode char U+00D5 (decimal 213)
   defining Unicode char U+00D6 (decimal 214)
   defining Unicode char U+00D8 (decimal 216)
   defining Unicode char U+00D9 (decimal 217)
   defining Unicode char U+00DA (decimal 218)
   defining Unicode char U+00DB (decimal 219)
   defining Unicode char U+00DC (decimal 220)
   defining Unicode char U+00DD (decimal 221)
   defining Unicode char U+00DE (decimal 222)
   defining Unicode char U+00DF (decimal 223)
   defining Unicode char U+00E0 (decimal 224)
   defining Unicode char U+00E1 (decimal 225)
   defining Unicode char U+00E2 (decimal 226)
   defining Unicode char U+00E3 (decimal 227)
   defining Unicode char U+00E4 (decimal 228)
   defining Unicode char U+00E5 (decimal 229)
   defining Unicode char U+00E6 (decimal 230)
   defining Unicode char U+00E7 (decimal 231)
   defining Unicode char U+00E8 (decimal 232)
   defining Unicode char U+00E9 (decimal 233)
   defining Unicode char U+00EA (decimal 234)
   defining Unicode char U+00EB (decimal 235)
   defining Unicode char U+00EC (decimal 236)
   defining Unicode char U+00ED (decimal 237)
   defining Unicode char U+00EE (decimal 238)
   defining Unicode char U+00EF (decimal 239)
   defining Unicode char U+00F0 (decimal 240)
   defining Unicode char U+00F1 (decimal 241)
   defining Unicode char U+00F2 (decimal 242)
   defining Unicode char U+00F3 (decimal 243)
   defining Unicode char U+00F4 (decimal 244)
   defining Unicode char U+00F5 (decimal 245)
   defining Unicode char U+00F6 (decimal 246)
   defining Unicode char U+00F8 (decimal 248)
   defining Unicode char U+00F9 (decimal 249)
   defining Unicode char U+00FA (decimal 250)
   defining Unicode char U+00FB (decimal 251)
   defining Unicode char U+00FC (decimal 252)
   defining Unicode char U+00FD (decimal 253)
   defining Unicode char U+00FE (decimal 254)
   defining Unicode char U+00FF (decimal 255)
   defining Unicode char U+0102 (decimal 258)
   defining Unicode char U+0103 (decimal 259)
   defining Unicode char U+0104 (decimal 260)
   defining Unicode char U+0105 (decimal 261)
   defining Unicode char U+0106 (decimal 262)
   defining Unicode char U+0107 (decimal 263)
   defining Unicode char U+010C (decimal 268)
   defining Unicode char U+010D (decimal 269)
   defining Unicode char U+010E (decimal 270)
   defining Unicode char U+010F (decimal 271)
   defining Unicode char U+0110 (decimal 272)
   defining Unicode char U+0111 (decimal 273)
   defining Unicode char U+0118 (decimal 280)
   defining Unicode char U+0119 (decimal 281)
   defining Unicode char U+011A (decimal 282)
   defining Unicode char U+011B (decimal 283)
   defining Unicode char U+011E (decimal 286)
   defining Unicode char U+011F (decimal 287)
   defining Unicode char U+0130 (decimal 304)
   defining Unicode char U+0131 (decimal 305)
   defining Unicode char U+0132 (decimal 306)
   defining Unicode char U+0133 (decimal 307)
   defining Unicode char U+0139 (decimal 313)
   defining Unicode char U+013A (decimal 314)
   defining Unicode char U+013D (decimal 317)
   defining Unicode char U+013E (decimal 318)
   defining Unicode char U+0141 (decimal 321)
   defining Unicode char U+0142 (decimal 322)
   defining Unicode char U+0143 (decimal 323)
   defining Unicode char U+0144 (decimal 324)
   defining Unicode char U+0147 (decimal 327)
   defining Unicode char U+0148 (decimal 328)
   defining Unicode char U+014A (decimal 330)
   defining Unicode char U+014B (decimal 331)
   defining Unicode char U+0150 (decimal 336)
   defining Unicode char U+0151 (decimal 337)
   defining Unicode char U+0152 (decimal 338)
   defining Unicode char U+0153 (decimal 339)
   defining Unicode char U+0154 (decimal 340)
   defining Unicode char U+0155 (decimal 341)
   defining Unicode char U+0158 (decimal 344)
   defining Unicode char U+0159 (decimal 345)
   defining Unicode char U+015A (decimal 346)
   defining Unicode char U+015B (decimal 347)
   defining Unicode char U+015E (decimal 350)
   defining Unicode char U+015F (decimal 351)
   defining Unicode char U+0160 (decimal 352)
   defining Unicode char U+0161 (decimal 353)
   defining Unicode char U+0162 (decimal 354)
   defining Unicode char U+0163 (decimal 355)
   defining Unicode char U+0164 (decimal 356)
   defining Unicode char U+0165 (decimal 357)
   defining Unicode char U+016E (decimal 366)
   defining Unicode char U+016F (decimal 367)
   defining Unicode char U+0170 (decimal 368)
   defining Unicode char U+0171 (decimal 369)
   defining Unicode char U+0178 (decimal 376)
   defining Unicode char U+0179 (decimal 377)
   defining Unicode char U+017A (decimal 378)
   defining Unicode char U+017B (decimal 379)
   defining Unicode char U+017C (decimal 380)
   defining Unicode char U+017D (decimal 381)
   defining Unicode char U+017E (decimal 382)
   defining Unicode char U+200C (decimal 8204)
   defining Unicode char U+2013 (decimal 8211)
   defining Unicode char U+2014 (decimal 8212)
   defining Unicode char U+2018 (decimal 8216)
   defining Unicode char U+2019 (decimal 8217)
   defining Unicode char U+201A (decimal 8218)
   defining Unicode char U+201C (decimal 8220)
   defining Unicode char U+201D (decimal 8221)
   defining Unicode char U+201E (decimal 8222)
   defining Unicode char U+2030 (decimal 8240)
   defining Unicode char U+2031 (decimal 8241)
   defining Unicode char U+2039 (decimal 8249)
   defining Unicode char U+203A (decimal 8250)
   defining Unicode char U+2423 (decimal 9251)
)
Now handling font encoding OT1 ...
... processing UTF-8 mapping file for font encoding OT1

(c:/usr/texlive/2013/texmf-dist/tex/latex/base/ot1enc.dfu
File: ot1enc.dfu 2008/04/05 v1.1m UTF-8 support for inputenc
   defining Unicode char U+00A1 (decimal 161)
   defining Unicode char U+00A3 (decimal 163)
   defining Unicode char U+00B8 (decimal 184)
   defining Unicode char U+00BF (decimal 191)
   defining Unicode char U+00C5 (decimal 197)
   defining Unicode char U+00C6 (decimal 198)
   defining Unicode char U+00D8 (decimal 216)
   defining Unicode char U+00DF (decimal 223)
   defining Unicode char U+00E6 (decimal 230)
   defining Unicode char U+00EC (decimal 236)
   defining Unicode char U+00ED (decimal 237)
   defining Unicode char U+00EE (decimal 238)
   defining Unicode char U+00EF (decimal 239)
   defining Unicode char U+00F8 (decimal 248)
   defining Unicode char U+0131 (decimal 305)
   defining Unicode char U+0141 (decimal 321)
   defining Unicode char U+0142 (decimal 322)
   defining Unicode char U+0152 (decimal 338)
   defining Unicode char U+0153 (decimal 339)
   defining Unicode char U+2013 (decimal 8211)
   defining Unicode char U+2014 (decimal 8212)
   defining Unicode char U+2018 (decimal 8216)
   defining Unicode char U+2019 (decimal 8217)
   defining Unicode char U+201C (decimal 8220)
   defining Unicode char U+201D (decimal 8221)
)
Now handling font encoding OMS ...
... processing UTF-8 mapping file for font encoding OMS

(c:/usr/texlive/2013/texmf-dist/tex/latex/base/omsenc.dfu
File: omsenc.dfu 2008/04/05 v1.1m UTF-8 support for inputenc
   defining Unicode char U+00A7 (decimal 167)
   defining Unicode char U+00B6 (decimal 182)
   defining Unicode char U+00B7 (decimal 183)
   defining Unicode char U+2020 (decimal 8224)
   defining Unicode char U+2021 (decimal 8225)
   defining Unicode char U+2022 (decimal 8226)
)
Now handling font encoding OMX ...
... no UTF-8 mapping file for font encoding OMX
Now handling font encoding U ...
... no UTF-8 mapping file for font encoding U
Now handling font encoding TS1 ...
... processing UTF-8 mapping file for font encoding TS1

(c:/usr/texlive/2013/texmf-dist/tex/latex/base/ts1enc.dfu
File: ts1enc.dfu 2008/04/05 v1.1m UTF-8 support for inputenc
   defining Unicode char U+00A2 (decimal 162)
   defining Unicode char U+00A3 (decimal 163)
   defining Unicode char U+00A4 (decimal 164)
   defining Unicode char U+00A5 (decimal 165)
   defining Unicode char U+00A6 (decimal 166)
   defining Unicode char U+00A7 (decimal 167)
   defining Unicode char U+00A8 (decimal 168)
   defining Unicode char U+00A9 (decimal 169)
   defining Unicode char U+00AA (decimal 170)
   defining Unicode char U+00AC (decimal 172)
   defining Unicode char U+00AE (decimal 174)
   defining Unicode char U+00AF (decimal 175)
   defining Unicode char U+00B0 (decimal 176)
   defining Unicode char U+00B1 (decimal 177)
   defining Unicode char U+00B2 (decimal 178)
   defining Unicode char U+00B3 (decimal 179)
   defining Unicode char U+00B4 (decimal 180)
   defining Unicode char U+00B5 (decimal 181)
   defining Unicode char U+00B6 (decimal 182)
   defining Unicode char U+00B7 (decimal 183)
   defining Unicode char U+00B9 (decimal 185)
   defining Unicode char U+00BA (decimal 186)
   defining Unicode char U+00BC (decimal 188)
   defining Unicode char U+00BD (decimal 189)
   defining Unicode char U+00BE (decimal 190)
   defining Unicode char U+00D7 (decimal 215)
   defining Unicode char U+00F7 (decimal 247)
   defining Unicode char U+0192 (decimal 402)
   defining Unicode char U+02C7 (decimal 711)
   defining Unicode char U+02D8 (decimal 728)
   defining Unicode char U+02DD (decimal 733)
   defining Unicode char U+0E3F (decimal 3647)
   defining Unicode char U+2016 (decimal 8214)
   defining Unicode char U+2020 (decimal 8224)
   defining Unicode char U+2021 (decimal 8225)
   defining Unicode char U+2022 (decimal 8226)
   defining Unicode char U+2030 (decimal 8240)
   defining Unicode char U+2031 (decimal 8241)
   defining Unicode char U+203B (decimal 8251)
   defining Unicode char U+203D (decimal 8253)
   defining Unicode char U+2044 (decimal 8260)
   defining Unicode char U+204E (decimal 8270)
   defining Unicode char U+2052 (decimal 8274)
   defining Unicode char U+20A1 (decimal 8353)
   defining Unicode char U+20A4 (decimal 8356)
   defining Unicode char U+20A6 (decimal 8358)
   defining Unicode char U+20A9 (decimal 8361)
   defining Unicode char U+20AB (decimal 8363)
   defining Unicode char U+20AC (decimal 8364)
   defining Unicode char U+20B1 (decimal 8369)
   defining Unicode char U+2103 (decimal 8451)
   defining Unicode char U+2116 (decimal 8470)
   defining Unicode char U+2117 (decimal 8471)
   defining Unicode char U+211E (decimal 8478)
   defining Unicode char U+2120 (decimal 8480)
   defining Unicode char U+2122 (decimal 8482)
   defining Unicode char U+2126 (decimal 8486)
   defining Unicode char U+2127 (decimal 8487)
   defining Unicode char U+212E (decimal 8494)
   defining Unicode char U+2190 (decimal 8592)
   defining Unicode char U+2191 (decimal 8593)
   defining Unicode char U+2192 (decimal 8594)
   defining Unicode char U+2193 (decimal 8595)
   defining Unicode char U+2329 (decimal 9001)
   defining Unicode char U+232A (decimal 9002)
   defining Unicode char U+2422 (decimal 9250)
   defining Unicode char U+25E6 (decimal 9702)
   defining Unicode char U+25EF (decimal 9711)
   defining Unicode char U+266A (decimal 9834)
)
   defining Unicode char U+00A9 (decimal 169)
   defining Unicode char U+00AA (decimal 170)
   defining Unicode char U+00AE (decimal 174)
   defining Unicode char U+00BA (decimal 186)
   defining Unicode char U+02C6 (decimal 710)
   defining Unicode char U+02DC (decimal 732)
   defining Unicode char U+200C (decimal 8204)
   defining Unicode char U+2026 (decimal 8230)
   defining Unicode char U+2122 (decimal 8482)
   defining Unicode char U+2423 (decimal 9251)
))
(c:/usr/texlive/2013/texmf-dist/tex/plain/kotex-plain/kotexutf-core.tex
\unih@ngulpoint=\count124
\dhucs@emph@raise=\dimen130
)
Now handling font encoding LUC ...
... processing UTF-8 mapping file for font encoding LUC

(c:/usr/texlive/2013/texmf-dist/tex/latex/kotex-utf/lucenc.dfu
File: lucenc.dfu 2007/09/05 UTF-8 support for dhucs
   defining Unicode char U+00B7 (decimal 183)
   defining Unicode char U+2018 (decimal 8216)
   defining Unicode char U+2019 (decimal 8217)
   defining Unicode char U+201C (decimal 8220)
   defining Unicode char U+201D (decimal 8221)
   defining Unicode char U+3001 (decimal 12289)
   defining Unicode char U+3002 (decimal 12290)
   defining Unicode char U+3008 (decimal 12296)
   defining Unicode char U+3009 (decimal 12297)
   defining Unicode char U+300A (decimal 12298)
   defining Unicode char U+300B (decimal 12299)
   defining Unicode char U+300C (decimal 12300)
   defining Unicode char U+300D (decimal 12301)
   defining Unicode char U+300E (decimal 12302)
   defining Unicode char U+300F (decimal 12303)
   defining Unicode char U+3010 (decimal 12304)
   defining Unicode char U+3011 (decimal 12305)
   defining Unicode char U+3014 (decimal 12308)
   defining Unicode char U+3015 (decimal 12309)
   defining Unicode char U+3016 (decimal 12310)
   defining Unicode char U+3017 (decimal 12311)
   defining Unicode char U+3018 (decimal 12312)
   defining Unicode char U+3019 (decimal 12313)
   defining Unicode char U+301A (decimal 12314)
   defining Unicode char U+301B (decimal 12315)
   defining Unicode char U+FF01 (decimal 65281)
   defining Unicode char U+FF08 (decimal 65288)
   defining Unicode char U+FF09 (decimal 65289)
   defining Unicode char U+FF0C (decimal 65292)
   defining Unicode char U+FF0E (decimal 65294)
   defining Unicode char U+FF1A (decimal 65306)
   defining Unicode char U+FF1B (decimal 65307)
   defining Unicode char U+FF1C (decimal 65308)
   defining Unicode char U+FF1D (decimal 65309)
   defining Unicode char U+FF1E (decimal 65310)
   defining Unicode char U+FF1F (decimal 65311)
   defining Unicode char U+FF3B (decimal 65339)
   defining Unicode char U+FF3D (decimal 65341)
   defining Unicode char U+FF5B (decimal 65371)
   defining Unicode char U+FF5D (decimal 65373)
   defining Unicode char U+FF61 (decimal 65377)
   defining Unicode char U+FF62 (decimal 65378)
   defining Unicode char U+FF63 (decimal 65379)
   defining Unicode char U+FF64 (decimal 65380)
   defining Unicode char U+FF65 (decimal 65381)
)
\@josa=\count125
\josatoks=\toks30

(c:/usr/texlive/2013/texmf-dist/tex/latex/cjk-ko/kolabels-utf.sty
Package: kolabels-utf 2013/02/23 v1.0 UTF-8 Hangul item labels
)))
\@indexfile=\write4
\openout4 = `book_kor_ch03.idx'.


Writing index file book_kor_ch03.idx
(./book_kor_ch03.aux)
\openout1 = `book_kor_ch03.aux'.

LaTeX Font Info:    Checking defaults for OML/cmm/m/it on input line 27.
LaTeX Font Info:    ... okay on input line 27.
LaTeX Font Info:    Checking defaults for T1/cmr/m/n on input line 27.
LaTeX Font Info:    ... okay on input line 27.
LaTeX Font Info:    Checking defaults for OT1/cmr/m/n on input line 27.
LaTeX Font Info:    ... okay on input line 27.
LaTeX Font Info:    Checking defaults for OMS/pzccm/m/n on input line 27.
LaTeX Font Info:    Try loading font information for OMS+pzccm on input line 27
.

(c:/usr/texlive/2013/texmf-dist/tex/latex/psnfss/omspzccm.fd
File: omspzccm.fd 2000/01/03 Fontinst v1.801 font definitions for OMS/pzccm.
)
LaTeX Font Info:    ... okay on input line 27.
LaTeX Font Info:    Checking defaults for OMX/cmex/m/n on input line 27.
LaTeX Font Info:    ... okay on input line 27.
LaTeX Font Info:    Checking defaults for U/cmr/m/n on input line 27.
LaTeX Font Info:    ... okay on input line 27.
LaTeX Font Info:    Checking defaults for TS1/cmr/m/n on input line 27.
LaTeX Font Info:    Try loading font information for TS1+cmr on input line 27.

(c:/usr/texlive/2013/texmf-dist/tex/latex/base/ts1cmr.fd
File: ts1cmr.fd 1999/05/25 v2.5h Standard LaTeX font definitions
)
LaTeX Font Info:    ... okay on input line 27.
LaTeX Font Info:    Checking defaults for LUC/nanummj/m/n on input line 27.
LaTeX Font Info:    Try loading font information for LUC+nanummj on input line 
27.

(c:/usr/texlive/2013/texmf-dist/tex/latex/nanumtype1/lucnanummj.fd
File: lucnanummj.fd 2013/02/12 v0.1 Nanum Myeongjo font definitions
)
LaTeX Font Info:    ... okay on input line 27.

*geometry* driver: auto-detecting
*geometry* detected driver: pdftex
*geometry* verbose mode - [ preamble ] result:
* driver: pdftex
* paper: custom
* layout: <same size as paper>
* layoutoffset:(h,v)=(0.0pt,0.0pt)
* bindingoffset: 54.2025pt
* modes: twoside heightrounded truedimen 
* h-part:(L,W,R)=(36.135pt, 357.01398pt, 45.16873pt)
* v-part:(T,H,B)=(45.16873pt, 622.24477pt, 45.16873pt)
* \paperwidth=492.5202pt
* \paperheight=712.58223pt
* \textwidth=357.01398pt
* \textheight=623.00027pt
* \oddsidemargin=18.0675pt
* \evensidemargin=-27.10126pt
* \topmargin=-58.97505pt
* \headheight=12.0pt
* \headsep=19.8738pt
* \topskip=11.0pt
* \footskip=27.46295pt
* \marginparwidth=116.0pt
* \marginparsep=7.0pt
* \columnsep=10.0pt
* \skip\footins=10.0pt plus 4.0pt minus 2.0pt
* \hoffset=0.0pt
* \voffset=0.0pt
* \mag=1000
* \@twocolumnfalse
* \@twosidetrue
* \@mparswitchtrue
* \@reversemarginfalse
* (1in=72.27pt=25.4mm, 1cm=28.453pt)

(c:/usr/texlive/2013/texmf-dist/tex/context/base/supp-pdf.mkii
[Loading MPS to PDF converter (version 2006.09.02).]
\scratchcounter=\count126
\scratchdimen=\dimen131
\scratchbox=\box35
\nofMPsegments=\count127
\nofMParguments=\count128
\everyMPshowfont=\toks31
\MPscratchCnt=\count129
\MPscratchDim=\dimen132
\MPnumerator=\count130
\makeMPintoPDFobject=\count131
\everyMPtoPDFconversion=\toks32
) (c:/usr/texlive/2013/texmf-dist/tex/generic/oberdiek/pdftexcmds.sty
Package: pdftexcmds 2011/11/29 v0.20 Utility functions of pdfTeX for LuaTeX (HO
)

(c:/usr/texlive/2013/texmf-dist/tex/generic/oberdiek/ifluatex.sty
Package: ifluatex 2010/03/01 v1.3 Provides the ifluatex switch (HO)
Package ifluatex Info: LuaTeX not detected.
)
Package pdftexcmds Info: LuaTeX not detected.
Package pdftexcmds Info: \pdf@primitive is available.
Package pdftexcmds Info: \pdf@ifprimitive is available.
Package pdftexcmds Info: \pdfdraftmode found.
)
(c:/usr/texlive/2013/texmf-dist/tex/latex/oberdiek/epstopdf-base.sty
Package: epstopdf-base 2010/02/09 v2.5 Base part for package epstopdf

(c:/usr/texlive/2013/texmf-dist/tex/latex/oberdiek/grfext.sty
Package: grfext 2010/08/19 v1.1 Manage graphics extensions (HO)

(c:/usr/texlive/2013/texmf-dist/tex/generic/oberdiek/kvdefinekeys.sty
Package: kvdefinekeys 2011/04/07 v1.3 Define keys (HO)
))
(c:/usr/texlive/2013/texmf-dist/tex/latex/oberdiek/kvoptions.sty
Package: kvoptions 2011/06/30 v3.11 Key value format for package options (HO)

(c:/usr/texlive/2013/texmf-dist/tex/generic/oberdiek/kvsetkeys.sty
Package: kvsetkeys 2012/04/25 v1.16 Key value parser (HO)

(c:/usr/texlive/2013/texmf-dist/tex/generic/oberdiek/etexcmds.sty
Package: etexcmds 2011/02/16 v1.5 Avoid name clashes with e-TeX commands (HO)
Package etexcmds Info: Could not find \expanded.
(etexcmds)             That can mean that you are not using pdfTeX 1.50 or
(etexcmds)             that some package has redefined \expanded.
(etexcmds)             In the latter case, load this package earlier.
)))
Package grfext Info: Graphics extension search list:
(grfext)             [.png,.pdf,.jpg,.mps,.jpeg,.jbig2,.jb2,.PNG,.PDF,.JPG,.JPE
G,.JBIG2,.JB2,.eps]
(grfext)             \AppendGraphicsExtensions on input line 452.

(c:/usr/texlive/2013/texmf-dist/tex/latex/latexconfig/epstopdf-sys.cfg
File: epstopdf-sys.cfg 2010/07/13 v1.3 Configuration of (r)epstopdf for TeX Liv
e
))
(./00-cover.tex (./latexonly)
\c@ex=\count132
 [1


{c:/usr/texlive/2013/texmf-var/fonts/map/pdftex/updmap/pdftex.map}]
LaTeX Font Info:    Try loading font information for TS1+ptm on input line 46.
 (c:/usr/texlive/2013/texmf-dist/tex/latex/psnfss/ts1ptm.fd
File: ts1ptm.fd 2001/06/04 font definitions for TS1/ptm.
)
LaTeX Font Info:    Font shape `OT1/ptm/bx/n' in size <10> not available
(Font)              Font shape `OT1/ptm/b/n' tried instead on input line 53.
LaTeX Font Info:    Try loading font information for OT1+ptmcm on input line 88
.
 (c:/usr/texlive/2013/texmf-dist/tex/latex/psnfss/ot1ptmcm.fd
File: ot1ptmcm.fd 2000/01/03 Fontinst v1.801 font definitions for OT1/ptmcm.
)
LaTeX Font Info:    Try loading font information for OML+ptmcm on input line 88
.

(c:/usr/texlive/2013/texmf-dist/tex/latex/psnfss/omlptmcm.fd
File: omlptmcm.fd 2000/01/03 Fontinst v1.801 font definitions for OML/ptmcm.
)
LaTeX Font Info:    Try loading font information for OMX+psycm on input line 88
.

(c:/usr/texlive/2013/texmf-dist/tex/latex/psnfss/omxpsycm.fd
File: omxpsycm.fd 2000/01/03 Fontinst v1.801 font definitions for OMX/psycm.
)
LaTeX Font Info:    Font shape `OT1/ptm/bx/n' in size <7.4> not available
(Font)              Font shape `OT1/ptm/b/n' tried instead on input line 88.
LaTeX Font Info:    Font shape `OT1/ptm/bx/n' in size <6> not available
(Font)              Font shape `OT1/ptm/b/n' tried instead on input line 88.
LaTeX Font Info:    Try loading font information for U+msa on input line 88.

(c:/usr/texlive/2013/texmf-dist/tex/latex/amsfonts/umsa.fd
File: umsa.fd 2013/01/14 v3.01 AMS symbols A
)
LaTeX Font Info:    Try loading font information for U+msb on input line 88.

(c:/usr/texlive/2013/texmf-dist/tex/latex/amsfonts/umsb.fd
File: umsb.fd 2013/01/14 v3.01 AMS symbols B
)) [2]
(./03-conditional.tex
Chapter 1.
LaTeX Font Info:    Font shape `OT1/ptm/bx/n' in size <20.74> not available
(Font)              Font shape `OT1/ptm/b/n' tried instead on input line 4.
LaTeX Font Info:    Font shape `OT1/ptm/bx/n' in size <24.88> not available
(Font)              Font shape `OT1/ptm/b/n' tried instead on input line 4.
LaTeX Font Info:    Font shape `OT1/ptm/bx/n' in size <14.4> not available
(Font)              Font shape `OT1/ptm/b/n' tried instead on input line 6.
LaTeX Font Info:    Font shape `OT1/ptm/bx/n' in size <10.95> not available
(Font)              Font shape `OT1/ptm/b/n' tried instead on input line 12.
LaTeX Font Info:    Try loading font information for LUC+nanumgt on input line 
13.
(c:/usr/texlive/2013/texmf-dist/tex/latex/nanumtype1/lucnanumgt.fd
File: lucnanumgt.fd 2013/02/12 v0.1 Nanum Gothic font definitions
)
LaTeX Font Info:    Try loading font information for TS1+pcr on input line 40.

(c:/usr/texlive/2013/texmf-dist/tex/latex/psnfss/ts1pcr.fd
File: ts1pcr.fd 2001/06/04 font definitions for TS1/pcr.
)

Package Fancyhdr Warning: \headheight is too small (12.0pt): 
 Make it at least 13.59999pt.
 We now make it that large for the rest of the document.
 This may cause the page layout to be inconsistent, however.

[1


]
LaTeX Font Info:    Font shape `LUC/nanummj/m/it' in size <10.95> not available

(Font)              Font shape `LUC/nanummj/m/sl' tried instead on input line 7
7.
Package epstopdf Info: Source file: <figs2/if.eps>
(epstopdf)                    date: 2014-08-20 15:51:18
(epstopdf)                    size: 17480 bytes
(epstopdf)             Output file: <figs2/if-eps-converted-to.pdf>
(epstopdf)                    date: 2014-08-20 15:53:02
(epstopdf)                    size: 8226 bytes
(epstopdf)             Command: <repstopdf --outfile=figs2/if-eps-converted-to.
pdf figs2/if.eps>
(epstopdf)             \includegraphics on input line 124.
Package epstopdf Info: Output file is already uptodate.
 <figs2/if-eps-converted-to.pdf, id=72, 536.0025pt x 306.14375pt>
File: figs2/if-eps-converted-to.pdf Graphic file (type pdf)

<use figs2/if-eps-converted-to.pdf>
Package pdftex.def Info: figs2/if-eps-converted-to.pdf used on input line 124.
(pdftex.def)             Requested size: 221.43091pt x 126.47249pt.
 [2 <./figs2/if-eps-converted-to.pdf>]
Package epstopdf Info: Source file: <figs2/if-else.eps>
(epstopdf)                    date: 2014-08-20 15:51:18
(epstopdf)                    size: 19901 bytes
(epstopdf)             Output file: <figs2/if-else-eps-converted-to.pdf>
(epstopdf)                    date: 2014-08-20 15:53:03
(epstopdf)                    size: 8881 bytes
(epstopdf)             Command: <repstopdf --outfile=figs2/if-else-eps-converte
d-to.pdf figs2/if-else.eps>
(epstopdf)             \includegraphics on input line 185.
Package epstopdf Info: Output file is already uptodate.

<figs2/if-else-eps-converted-to.pdf, id=97, 815.045pt x 308.15125pt>
File: figs2/if-else-eps-converted-to.pdf Graphic file (type pdf)

<use figs2/if-else-eps-converted-to.pdf>
Package pdftex.def Info: figs2/if-else-eps-converted-to.pdf used on input line 
185.
(pdftex.def)             Requested size: 334.5064pt x 126.47249pt.
 [3 <./figs2/if-else-eps-converted-to.pdf>]
Package epstopdf Info: Source file: <figs2/elif.eps>
(epstopdf)                    date: 2014-08-20 15:51:18
(epstopdf)                    size: 19763 bytes
(epstopdf)             Output file: <figs2/elif-eps-converted-to.pdf>
(epstopdf)                    date: 2014-08-20 15:53:04
(epstopdf)                    size: 8800 bytes
(epstopdf)             Command: <repstopdf --outfile=figs2/elif-eps-converted-t
o.pdf figs2/elif.eps>
(epstopdf)             \includegraphics on input line 212.
Package epstopdf Info: Output file is already uptodate.
 <figs2/elif-eps-converted-to.pdf, id=114, 573.14125pt x 552.0625pt>
File: figs2/elif-eps-converted-to.pdf Graphic file (type pdf)

<use figs2/elif-eps-converted-to.pdf>
Package pdftex.def Info: figs2/elif-eps-converted-to.pdf used on input line 212
.
(pdftex.def)             Requested size: 225.08961pt x 216.81pt.
 [4 <./figs2/elif-eps-converted-to.pdf>]
Package epstopdf Info: Source file: <figs2/nested.eps>
(epstopdf)                    date: 2014-08-20 15:51:18
(epstopdf)                    size: 20877 bytes
(epstopdf)             Output file: <figs2/nested-eps-converted-to.pdf>
(epstopdf)                    date: 2014-08-20 15:53:06
(epstopdf)                    size: 9087 bytes
(epstopdf)             Command: <repstopdf --outfile=figs2/nested-eps-converted
-to.pdf figs2/nested.eps>
(epstopdf)             \includegraphics on input line 261.
Package epstopdf Info: Output file is already uptodate.

<figs2/nested-eps-converted-to.pdf, id=127, 1047.915pt x 499.8675pt>
File: figs2/nested-eps-converted-to.pdf Graphic file (type pdf)

<use figs2/nested-eps-converted-to.pdf>
Package pdftex.def Info: figs2/nested-eps-converted-to.pdf used on input line 2
61.
(pdftex.def)             Requested size: 378.76814pt x 180.67499pt.
 [5 <./figs2/nested-eps-converted-to.pdf>] [6] [7]
LaTeX Font Info:    Font shape `OT1/ptm/bx/n' in size <8> not available
(Font)              Font shape `OT1/ptm/b/n' tried instead on input line 494.
 [8]
LaTeX Font Info:    Font shape `OT1/ptm/bx/n' in size <9> not available
(Font)              Font shape `OT1/ptm/b/n' tried instead on input line 510.
LaTeX Font Info:    Font shape `OT1/ptm/bx/n' in size <7> not available
(Font)              Font shape `OT1/ptm/b/n' tried instead on input line 510.
LaTeX Font Info:    Font shape `OT1/ptm/bx/n' in size <5> not available
(Font)              Font shape `OT1/ptm/b/n' tried instead on input line 510.

Underfull \hbox (badness 2547) in paragraph at lines 554--558
[]\OT1/ptm/m/n/10.95 A con-di-tional state-ment with a se-ries of al-ter-na-tiv
e
 []

[9] [10])
No file book_kor_ch03.ind.
[11] [12

]
\createspace@c@pages=\count133

Package createspace Info: added one page for calculations to make the page coun
t even

\temp=\count134
\log@digits=\count135
\log@result=\dimen133
\log@temp=\dimen134
\log@current=\dimen135
\createspace@log=\dimen136

Package createspace Warning: book requires at least 24 pages to be published, y
ours has only 14 on input line 67.

\createspace@l@spine=\dimen137
Package createspace Info: spine is about 3.91663pt wide

Package createspace Info: you need at least 100 pages for text can be printed o
n the spine

\createspace@cents=\count136
\createspace@dols=\count137
Package createspace Info: book cost is 3.66USD (2.15USD for pro plan)

(./book_kor_ch03.aux) ) 
Here is how much of TeX's memory you used:
 5812 strings out of 493308
 81527 string characters out of 6137823
 142760 words of memory out of 5000000
 8980 multiletter control sequences out of 15000+600000
 94781 words of font info for 256 fonts, out of 8000000 for 9000
 957 hyphenation exceptions out of 8191
 43i,12n,69p,397b,432s stack positions out of 5000i,500n,10000p,200000b,80000s
{c:/usr/texlive/2013/texmf-dist/fonts/enc/dvips/base/8r.
enc}<c:/usr/texlive/2013/texmf-dist/fonts/type1/public/amsfonts/cm/cmmi10.pfb><
c:/usr/texlive/2013/texmf-dist/fonts/type1/public/amsfonts/cm/cmr10.pfb><c:/usr
/texlive/2013/texmf-dist/fonts/type1/public/nanumtype1/nanumgtmac.pfb><c:/usr/t
exlive/2013/texmf-dist/fonts/type1/public/nanumtype1/nanumgtmb0.pfb><c:/usr/tex
live/2013/texmf-dist/fonts/type1/public/nanumtype1/nanumgtmb2.pfb><c:/usr/texli
ve/2013/texmf-dist/fonts/type1/public/nanumtype1/nanumgtmb3.pfb><c:/usr/texlive
/2013/texmf-dist/fonts/type1/public/nanumtype1/nanumgtmb9.pfb><c:/usr/texlive/2
013/texmf-dist/fonts/type1/public/nanumtype1/nanumgtmbc.pfb><c:/usr/texlive/201
3/texmf-dist/fonts/type1/public/nanumtype1/nanumgtmbd.pfb><c:/usr/texlive/2013/
texmf-dist/fonts/type1/public/nanumtype1/nanumgtmc2.pfb><c:/usr/texlive/2013/te
xmf-dist/fonts/type1/public/nanumtype1/nanumgtmc5.pfb><c:/usr/texlive/2013/texm
f-dist/fonts/type1/public/nanumtype1/nanumgtmc6.pfb><c:/usr/texlive/2013/texmf-
dist/fonts/type1/public/nanumtype1/nanumgtmc7.pfb><c:/usr/texlive/2013/texmf-di
st/fonts/type1/public/nanumtype1/nanumgtmc8.pfb><c:/usr/texlive/2013/texmf-dist
/fonts/type1/public/nanumtype1/nanumgtmc9.pfb><c:/usr/texlive/2013/texmf-dist/f
onts/type1/public/nanumtype1/nanumgtmcc.pfb><c:/usr/texlive/2013/texmf-dist/fon
ts/type1/public/nanumtype1/nanumgtmd0.pfb><c:/usr/texlive/2013/texmf-dist/fonts
/type1/public/nanumtype1/nanumgtmd5.pfb><c:/usr/texlive/2013/texmf-dist/fonts/t
ype1/public/nanumtype1/nanummjbac.pfb><c:/usr/texlive/2013/texmf-dist/fonts/typ
e1/public/nanumtype1/nanummjbad.pfb><c:/usr/texlive/2013/texmf-dist/fonts/type1
/public/nanumtype1/nanummjbae.pfb><c:/usr/texlive/2013/texmf-dist/fonts/type1/p
ublic/nanumtype1/nanummjbb1.pfb><c:/usr/texlive/2013/texmf-dist/fonts/type1/pub
lic/nanumtype1/nanummjbb2.pfb><c:/usr/texlive/2013/texmf-dist/fonts/type1/publi
c/nanumtype1/nanummjbb3.pfb><c:/usr/texlive/2013/texmf-dist/fonts/type1/public/
nanumtype1/nanummjbb5.pfb><c:/usr/texlive/2013/texmf-dist/fonts/type1/public/na
numtype1/nanummjbb7.pfb><c:/usr/texlive/2013/texmf-dist/fonts/type1/public/nanu
mtype1/nanummjbb9.pfb><c:/usr/texlive/2013/texmf-dist/fonts/type1/public/nanumt
ype1/nanummjbbb.pfb><c:/usr/texlive/2013/texmf-dist/fonts/type1/public/nanumtyp
e1/nanummjbbc.pfb><c:/usr/texlive/2013/texmf-dist/fonts/type1/public/nanumtype1
/nanummjbbd.pfb><c:/usr/texlive/2013/texmf-dist/fonts/type1/public/nanumtype1/n
anummjbbe.pfb><c:/usr/texlive/2013/texmf-dist/fonts/type1/public/nanumtype1/nan
ummjbc0.pfb><c:/usr/texlive/2013/texmf-dist/fonts/type1/public/nanumtype1/nanum
mjbc1.pfb><c:/usr/texlive/2013/texmf-dist/fonts/type1/public/nanumtype1/nanummj
bc2.pfb><c:/usr/texlive/2013/texmf-dist/fonts/type1/public/nanumtype1/nanummjbc
5.pfb><c:/usr/texlive/2013/texmf-dist/fonts/type1/public/nanumtype1/nanummjbc6.
pfb><c:/usr/texlive/2013/texmf-dist/fonts/type1/public/nanumtype1/nanummjbc7.pf
b><c:/usr/texlive/2013/texmf-dist/fonts/type1/public/nanumtype1/nanummjbc8.pfb>
<c:/usr/texlive/2013/texmf-dist/fonts/type1/public/nanumtype1/nanummjbc9.pfb><c
:/usr/texlive/2013/texmf-dist/fonts/type1/public/nanumtype1/nanummjbcc.pfb><c:/
usr/texlive/2013/texmf-dist/fonts/type1/public/nanumtype1/nanummjbd3.pfb><c:/us
r/texlive/2013/texmf-dist/fonts/type1/public/nanumtype1/nanummjbd5.pfb><c:/usr/
texlive/2013/texmf-dist/fonts/type1/public/nanumtype1/nanummjbd6.pfb><c:/usr/te
xlive/2013/texmf-dist/fonts/type1/public/nanumtype1/nanummjmac.pfb><c:/usr/texl
ive/2013/texmf-dist/fonts/type1/public/nanumtype1/nanummjmac.pfb><c:/usr/texliv
e/2013/texmf-dist/fonts/type1/public/nanumtype1/nanummjmad.pfb><c:/usr/texlive/
2013/texmf-dist/fonts/type1/public/nanumtype1/nanummjmad.pfb><c:/usr/texlive/20
13/texmf-dist/fonts/type1/public/nanumtype1/nanummjmae.pfb><c:/usr/texlive/2013
/texmf-dist/fonts/type1/public/nanumtype1/nanummjmaf.pfb><c:/usr/texlive/2013/t
exmf-dist/fonts/type1/public/nanumtype1/nanummjmb0.pfb><c:/usr/texlive/2013/tex
mf-dist/fonts/type1/public/nanumtype1/nanummjmb1.pfb><c:/usr/texlive/2013/texmf
-dist/fonts/type1/public/nanumtype1/nanummjmb2.pfb><c:/usr/texlive/2013/texmf-d
ist/fonts/type1/public/nanumtype1/nanummjmb3.pfb><c:/usr/texlive/2013/texmf-dis
t/fonts/type1/public/nanumtype1/nanummjmb4.pfb><c:/usr/texlive/2013/texmf-dist/
fonts/type1/public/nanumtype1/nanummjmb5.pfb><c:/usr/texlive/2013/texmf-dist/fo
nts/type1/public/nanumtype1/nanummjmb6.pfb><c:/usr/texlive/2013/texmf-dist/font
s/type1/public/nanumtype1/nanummjmb7.pfb><c:/usr/texlive/2013/texmf-dist/fonts/
type1/public/nanumtype1/nanummjmb8.pfb><c:/usr/texlive/2013/texmf-dist/fonts/ty
pe1/public/nanumtype1/nanummjmb9.pfb><c:/usr/texlive/2013/texmf-dist/fonts/type
1/public/nanumtype1/nanummjmb9.pfb><c:/usr/texlive/2013/texmf-dist/fonts/type1/
public/nanumtype1/nanummjmba.pfb><c:/usr/texlive/2013/texmf-dist/fonts/type1/pu
blic/nanumtype1/nanummjmbb.pfb><c:/usr/texlive/2013/texmf-dist/fonts/type1/publ
ic/nanumtype1/nanummjmbc.pfb><c:/usr/texlive/2013/texmf-dist/fonts/type1/public
/nanumtype1/nanummjmbd.pfb><c:/usr/texlive/2013/texmf-dist/fonts/type1/public/n
anumtype1/nanummjmbe.pfb><c:/usr/texlive/2013/texmf-dist/fonts/type1/public/nan
umtype1/nanummjmc0.pfb><c:/usr/texlive/2013/texmf-dist/fonts/type1/public/nanum
type1/nanummjmc1.pfb><c:/usr/texlive/2013/texmf-dist/fonts/type1/public/nanumty
pe1/nanummjmc2.pfb><c:/usr/texlive/2013/texmf-dist/fonts/type1/public/nanumtype
1/nanummjmc3.pfb><c:/usr/texlive/2013/texmf-dist/fonts/type1/public/nanumtype1/
nanummjmc4.pfb><c:/usr/texlive/2013/texmf-dist/fonts/type1/public/nanumtype1/na
nummjmc5.pfb><c:/usr/texlive/2013/texmf-dist/fonts/type1/public/nanumtype1/nanu
mmjmc6.pfb><c:/usr/texlive/2013/texmf-dist/fonts/type1/public/nanumtype1/nanumm
jmc7.pfb><c:/usr/texlive/2013/texmf-dist/fonts/type1/public/nanumtype1/nanummjm
c7.pfb><c:/usr/texlive/2013/texmf-dist/fonts/type1/public/nanumtype1/nanummjmc8
.pfb><c:/usr/texlive/2013/texmf-dist/fonts/type1/public/nanumtype1/nanummjmc9.p
fb><c:/usr/texlive/2013/texmf-dist/fonts/type1/public/nanumtype1/nanummjmca.pfb
><c:/usr/texlive/2013/texmf-dist/fonts/type1/public/nanumtype1/nanummjmcc.pfb><
c:/usr/texlive/2013/texmf-dist/fonts/type1/public/nanumtype1/nanummjmcd.pfb><c:
/usr/texlive/2013/texmf-dist/fonts/type1/public/nanumtype1/nanummjmce.pfb><c:/u
sr/texlive/2013/texmf-dist/fonts/type1/public/nanumtype1/nanummjmcf.pfb><c:/usr
/texlive/2013/texmf-dist/fonts/type1/public/nanumtype1/nanummjmd0.pfb><c:/usr/t
exlive/2013/texmf-dist/fonts/type1/public/nanumtype1/nanummjmd1.pfb><c:/usr/tex
live/2013/texmf-dist/fonts/type1/public/nanumtype1/nanummjmd2.pfb><c:/usr/texli
ve/2013/texmf-dist/fonts/type1/public/nanumtype1/nanummjmd3.pfb><c:/usr/texlive
/2013/texmf-dist/fonts/type1/public/nanumtype1/nanummjmd4.pfb><c:/usr/texlive/2
013/texmf-dist/fonts/type1/public/nanumtype1/nanummjmd5.pfb><c:/usr/texlive/201
3/texmf-dist/fonts/type1/public/nanumtype1/nanummjmd6.pfb><c:/usr/texlive/2013/
texmf-dist/fonts/type1/public/nanumtype1/nanummjmd6.pfb><c:/usr/texlive/2013/te
xmf-dist/fonts/type1/public/nanumtype1/nanummjmd7.pfb><c:/usr/texlive/2013/texm
f-dist/fonts/type1/urw/courier/ucrr8a.pfb><c:/usr/texlive/2013/texmf-dist/fonts
/type1/urw/courier/ucrr8a.pfb><c:/usr/texlive/2013/texmf-dist/fonts/type1/urw/t
imes/utmb8a.pfb><c:/usr/texlive/2013/texmf-dist/fonts/type1/urw/times/utmr8a.pf
b><c:/usr/texlive/2013/texmf-dist/fonts/type1/urw/times/utmri8a.pfb>
Output written on book_kor_ch03.pdf (14 pages, 3437644 bytes).
PDF statistics:
 462 PDF objects out of 1000 (max. 8388607)
 335 compressed objects within 4 object streams
 0 named destinations out of 1000 (max. 500000)
 21 words of extra memory for PDF output out of 10000 (max. 10000000)

